Start testing: Feb 01 06:28 東京 (標準時)
----------------------------------------------------------
1/6 Testing: BulletPatternTest.CirclePatternAngles
1/6 Test: BulletPatternTest.CirclePatternAngles
Command: "C:/Users/wdddi/workspace/malt-shoot/build/Release/MaltShootTests.exe" "--gtest_filter=BulletPatternTest.CirclePatternAngles" "--gtest_also_run_disabled_tests"
Directory: C:/Users/wdddi/workspace/malt-shoot/build
"BulletPatternTest.CirclePatternAngles" start time: Feb 01 06:28 東京 (標準時)
Output:
----------------------------------------------------------
Note: Google Test filter = BulletPatternTest.CirclePatternAngles
[==========] Running 1 test from 1 test suite.
[----------] Global test environment set-up.
[----------] 1 test from BulletPatternTest
[ RUN      ] BulletPatternTest.CirclePatternAngles
[       OK ] BulletPatternTest.CirclePatternAngles (0 ms)
[----------] 1 test from BulletPatternTest (0 ms total)

[----------] Global test environment tear-down
[==========] 1 test from 1 test suite ran. (0 ms total)
[  PASSED  ] 1 test.
<end of output>
Test time =   0.01 sec
----------------------------------------------------------
Test Passed.
"BulletPatternTest.CirclePatternAngles" end time: Feb 01 06:28 東京 (標準時)
"BulletPatternTest.CirclePatternAngles" time elapsed: 00:00:00
----------------------------------------------------------

2/6 Testing: BulletPatternTest.CirclePatternVelocity
2/6 Test: BulletPatternTest.CirclePatternVelocity
Command: "C:/Users/wdddi/workspace/malt-shoot/build/Release/MaltShootTests.exe" "--gtest_filter=BulletPatternTest.CirclePatternVelocity" "--gtest_also_run_disabled_tests"
Directory: C:/Users/wdddi/workspace/malt-shoot/build
"BulletPatternTest.CirclePatternVelocity" start time: Feb 01 06:28 東京 (標準時)
Output:
----------------------------------------------------------
Note: Google Test filter = BulletPatternTest.CirclePatternVelocity
[==========] Running 1 test from 1 test suite.
[----------] Global test environment set-up.
[----------] 1 test from BulletPatternTest
[ RUN      ] BulletPatternTest.CirclePatternVelocity
[       OK ] BulletPatternTest.CirclePatternVelocity (0 ms)
[----------] 1 test from BulletPatternTest (0 ms total)

[----------] Global test environment tear-down
[==========] 1 test from 1 test suite ran. (0 ms total)
[  PASSED  ] 1 test.
<end of output>
Test time =   0.01 sec
----------------------------------------------------------
Test Passed.
"BulletPatternTest.CirclePatternVelocity" end time: Feb 01 06:28 東京 (標準時)
"BulletPatternTest.CirclePatternVelocity" time elapsed: 00:00:00
----------------------------------------------------------

3/6 Testing: BulletPatternTest.AimedBulletDirection
3/6 Test: BulletPatternTest.AimedBulletDirection
Command: "C:/Users/wdddi/workspace/malt-shoot/build/Release/MaltShootTests.exe" "--gtest_filter=BulletPatternTest.AimedBulletDirection" "--gtest_also_run_disabled_tests"
Directory: C:/Users/wdddi/workspace/malt-shoot/build
"BulletPatternTest.AimedBulletDirection" start time: Feb 01 06:28 東京 (標準時)
Output:
----------------------------------------------------------
Note: Google Test filter = BulletPatternTest.AimedBulletDirection
[==========] Running 1 test from 1 test suite.
[----------] Global test environment set-up.
[----------] 1 test from BulletPatternTest
[ RUN      ] BulletPatternTest.AimedBulletDirection
[       OK ] BulletPatternTest.AimedBulletDirection (0 ms)
[----------] 1 test from BulletPatternTest (0 ms total)

[----------] Global test environment tear-down
[==========] 1 test from 1 test suite ran. (0 ms total)
[  PASSED  ] 1 test.
<end of output>
Test time =   0.01 sec
----------------------------------------------------------
Test Passed.
"BulletPatternTest.AimedBulletDirection" end time: Feb 01 06:28 東京 (標準時)
"BulletPatternTest.AimedBulletDirection" time elapsed: 00:00:00
----------------------------------------------------------

4/6 Testing: MovementTest.DiagonalNormalization
4/6 Test: MovementTest.DiagonalNormalization
Command: "C:/Users/wdddi/workspace/malt-shoot/build/Release/MaltShootTests.exe" "--gtest_filter=MovementTest.DiagonalNormalization" "--gtest_also_run_disabled_tests"
Directory: C:/Users/wdddi/workspace/malt-shoot/build
"MovementTest.DiagonalNormalization" start time: Feb 01 06:28 東京 (標準時)
Output:
----------------------------------------------------------
Note: Google Test filter = MovementTest.DiagonalNormalization
[==========] Running 1 test from 1 test suite.
[----------] Global test environment set-up.
[----------] 1 test from MovementTest
[ RUN      ] MovementTest.DiagonalNormalization
[       OK ] MovementTest.DiagonalNormalization (0 ms)
[----------] 1 test from MovementTest (0 ms total)

[----------] Global test environment tear-down
[==========] 1 test from 1 test suite ran. (0 ms total)
[  PASSED  ] 1 test.
<end of output>
Test time =   0.01 sec
----------------------------------------------------------
Test Passed.
"MovementTest.DiagonalNormalization" end time: Feb 01 06:28 東京 (標準時)
"MovementTest.DiagonalNormalization" time elapsed: 00:00:00
----------------------------------------------------------

5/6 Testing: BoundaryTest.ScreenBoundary
5/6 Test: BoundaryTest.ScreenBoundary
Command: "C:/Users/wdddi/workspace/malt-shoot/build/Release/MaltShootTests.exe" "--gtest_filter=BoundaryTest.ScreenBoundary" "--gtest_also_run_disabled_tests"
Directory: C:/Users/wdddi/workspace/malt-shoot/build
"BoundaryTest.ScreenBoundary" start time: Feb 01 06:28 東京 (標準時)
Output:
----------------------------------------------------------
Note: Google Test filter = BoundaryTest.ScreenBoundary
[==========] Running 1 test from 1 test suite.
[----------] Global test environment set-up.
[----------] 1 test from BoundaryTest
[ RUN      ] BoundaryTest.ScreenBoundary
[       OK ] BoundaryTest.ScreenBoundary (0 ms)
[----------] 1 test from BoundaryTest (0 ms total)

[----------] Global test environment tear-down
[==========] 1 test from 1 test suite ran. (0 ms total)
[  PASSED  ] 1 test.
<end of output>
Test time =   0.01 sec
----------------------------------------------------------
Test Passed.
"BoundaryTest.ScreenBoundary" end time: Feb 01 06:28 東京 (標準時)
"BoundaryTest.ScreenBoundary" time elapsed: 00:00:00
----------------------------------------------------------

6/6 Testing: CollisionTest.CircleCircleCollision
6/6 Test: CollisionTest.CircleCircleCollision
Command: "C:/Users/wdddi/workspace/malt-shoot/build/Release/MaltShootTests.exe" "--gtest_filter=CollisionTest.CircleCircleCollision" "--gtest_also_run_disabled_tests"
Directory: C:/Users/wdddi/workspace/malt-shoot/build
"CollisionTest.CircleCircleCollision" start time: Feb 01 06:28 東京 (標準時)
Output:
----------------------------------------------------------
Note: Google Test filter = CollisionTest.CircleCircleCollision
[==========] Running 1 test from 1 test suite.
[----------] Global test environment set-up.
[----------] 1 test from CollisionTest
[ RUN      ] CollisionTest.CircleCircleCollision
[       OK ] CollisionTest.CircleCircleCollision (0 ms)
[----------] 1 test from CollisionTest (0 ms total)

[----------] Global test environment tear-down
[==========] 1 test from 1 test suite ran. (0 ms total)
[  PASSED  ] 1 test.
<end of output>
Test time =   0.01 sec
----------------------------------------------------------
Test Passed.
"CollisionTest.CircleCircleCollision" end time: Feb 01 06:28 東京 (標準時)
"CollisionTest.CircleCircleCollision" time elapsed: 00:00:00
----------------------------------------------------------

End testing: Feb 01 06:28 東京 (標準時)
